# JRE version: OpenJDK Runtime Environment (11.0.8+10) (build 11.0.8+10-post-Ubuntu-0ubuntu118.04.1)
# Java VM: OpenJDK 64-Bit Server VM (11.0.8+10-post-Ubuntu-0ubuntu118.04.1, mixed mode, sharing, tiered, compressed oops, serial gc, linux-amd64)
Heap:
 def new generation   total 155712K, used 155712K [0x0000000706000000, 0x00000007108f0000, 0x0000000759550000)
  eden space 138432K, 100% used [0x0000000706000000, 0x000000070e730000, 0x000000070e730000)
  from space 17280K, 100% used [0x000000070e730000, 0x000000070f810000, 0x000000070f810000)
  to   space 17280K, 100% used [0x000000070f810000, 0x00000007108f0000, 0x00000007108f0000)
 tenured generation   total 361772K, used 361772K [0x0000000759550000, 0x000000076f69b000, 0x0000000800000000)
   the space 361772K, 100% used [0x0000000759550000, 0x000000076f69b000, 0x000000076f69b000, 0x000000076f69b000)
 Metaspace       used 24273K, capacity 24759K, committed 24832K, reserved 1071104K
  class space    used 3153K, capacity 3297K, committed 3328K, reserved 1048576K
GC Heap History (20 events):
Event: 16.606 GC heap after
{Heap after GC invocations=110 (full 4):
 def new generation   total 45120K, used 4991K [0x0000000706000000, 0x00000007090f0000, 0x0000000759550000)
  eden space 40128K,   0% used [0x0000000706000000, 0x0000000706000000, 0x0000000708730000)
  from space 4992K,  99% used [0x0000000708c10000, 0x00000007090efff8, 0x00000007090f0000)
  to   space 4992K,   0% used [0x0000000708730000, 0x0000000708730000, 0x0000000708c10000)
 tenured generation   total 100056K, used 99600K [0x0000000759550000, 0x000000075f706000, 0x0000000800000000)
   the space 100056K,  99% used [0x0000000759550000, 0x000000075f694198, 0x000000075f694200, 0x000000075f706000)
 Metaspace       used 19801K, capacity 20160K, committed 20480K, reserved 1067008K
  class space    used 2673K, capacity 2794K, committed 2816K, reserved 1048576K
}
Event: 17.389 GC heap before
{Heap before GC invocations=110 (full 4):
 def new generation   total 45120K, used 45119K [0x0000000706000000, 0x00000007090f0000, 0x0000000759550000)
  eden space 40128K, 100% used [0x0000000706000000, 0x0000000708730000, 0x0000000708730000)
  from space 4992K,  99% used [0x0000000708c10000, 0x00000007090efff8, 0x00000007090f0000)
  to   space 4992K,   0% used [0x0000000708730000, 0x0000000708730000, 0x0000000708c10000)
 tenured generation   total 100056K, used 99600K [0x0000000759550000, 0x000000075f706000, 0x0000000800000000)
   the space 100056K,  99% used [0x0000000759550000, 0x000000075f694198, 0x000000075f694200, 0x000000075f706000)
 Metaspace       used 20490K, capacity 20833K, committed 21120K, reserved 1067008K
  class space    used 2769K, capacity 2890K, committed 2944K, reserved 1048576K
}
Event: 17.604 GC heap after
{Heap after GC invocations=111 (full 5):
 def new generation   total 79296K, used 4890K [0x0000000706000000, 0x000000070b600000, 0x0000000759550000)
  eden space 70528K,   6% used [0x0000000706000000, 0x00000007064c69f8, 0x000000070a4e0000)
  from space 8768K,   0% used [0x000000070a4e0000, 0x000000070a4e0000, 0x000000070ad70000)
  to   space 8768K,   0% used [0x000000070ad70000, 0x000000070ad70000, 0x000000070b600000)
 tenured generation   total 176040K, used 105623K [0x0000000759550000, 0x000000076413a000, 0x0000000800000000)
   the space 176040K,  59% used [0x0000000759550000, 0x000000075fc75ff0, 0x000000075fc76000, 0x000000076413a000)
 Metaspace       used 20490K, capacity 20833K, committed 21120K, reserved 1067008K
  class space    used 2769K, capacity 2890K, committed 2944K, reserved 1048576K
}
Event: 18.388 GC heap before
{Heap before GC invocations=111 (full 5):
 def new generation   total 79296K, used 70528K [0x0000000706000000, 0x000000070b600000, 0x0000000759550000)
  eden space 70528K, 100% used [0x0000000706000000, 0x000000070a4e0000, 0x000000070a4e0000)
  from space 8768K,   0% used [0x000000070a4e0000, 0x000000070a4e0000, 0x000000070ad70000)
  to   space 8768K,   0% used [0x000000070ad70000, 0x000000070ad70000, 0x000000070b600000)
 tenured generation   total 176040K, used 105623K [0x0000000759550000, 0x000000076413a000, 0x0000000800000000)
   the space 176040K,  59% used [0x0000000759550000, 0x000000075fc75ff0, 0x000000075fc76000, 0x000000076413a000)
 Metaspace       used 20737K, capacity 21121K, committed 21376K, reserved 1067008K
  class space    used 2816K, capacity 2922K, committed 2944K, reserved 1048576K
}
Event: 18.538 GC heap after
{Heap after GC invocations=112 (full 5):
 def new generation   total 79296K, used 8767K [0x0000000706000000, 0x000000070b600000, 0x0000000759550000)
  eden space 70528K,   0% used [0x0000000706000000, 0x0000000706000000, 0x000000070a4e0000)
  from space 8768K,  99% used [0x000000070ad70000, 0x000000070b5ffff0, 0x000000070b600000)
  to   space 8768K,   0% used [0x000000070a4e0000, 0x000000070a4e0000, 0x000000070ad70000)
 tenured generation   total 176040K, used 108854K [0x0000000759550000, 0x000000076413a000, 0x0000000800000000)
   the space 176040K,  61% used [0x0000000759550000, 0x000000075ff9dbe8, 0x000000075ff9dc00, 0x000000076413a000)
 Metaspace       used 20737K, capacity 21121K, committed 21376K, reserved 1067008K
  class space    used 2816K, capacity 2922K, committed 2944K, reserved 1048576K
}
Event: 19.219 GC heap before
{Heap before GC invocations=112 (full 5):
 def new generation   total 79296K, used 79295K [0x0000000706000000, 0x000000070b600000, 0x0000000759550000)
  eden space 70528K, 100% used [0x0000000706000000, 0x000000070a4e0000, 0x000000070a4e0000)
  from space 8768K,  99% used [0x000000070ad70000, 0x000000070b5ffff0, 0x000000070b600000)
  to   space 8768K,   0% used [0x000000070a4e0000, 0x000000070a4e0000, 0x000000070ad70000)
 tenured generation   total 176040K, used 108854K [0x0000000759550000, 0x000000076413a000, 0x0000000800000000)
   the space 176040K,  61% used [0x0000000759550000, 0x000000075ff9dbe8, 0x000000075ff9dc00, 0x000000076413a000)
 Metaspace       used 20793K, capacity 21121K, committed 21376K, reserved 1067008K
  class space    used 2821K, capacity 2922K, committed 2944K, reserved 1048576K
}
Event: 19.310 GC heap after
{Heap after GC invocations=113 (full 5):
 def new generation   total 79296K, used 7656K [0x0000000706000000, 0x000000070b600000, 0x0000000759550000)
  eden space 70528K,   0% used [0x0000000706000000, 0x0000000706000000, 0x000000070a4e0000)
  from space 8768K,  87% used [0x000000070a4e0000, 0x000000070ac5a088, 0x000000070ad70000)
  to   space 8768K,   0% used [0x000000070ad70000, 0x000000070ad70000, 0x000000070b600000)
 tenured generation   total 176040K, used 117569K [0x0000000759550000, 0x000000076413a000, 0x0000000800000000)
   the space 176040K,  66% used [0x0000000759550000, 0x00000007608204a8, 0x0000000760820600, 0x000000076413a000)
 Metaspace       used 20793K, capacity 21121K, committed 21376K, reserved 1067008K
  class space    used 2821K, capacity 2922K, committed 2944K, reserved 1048576K
}
Event: 19.998 GC heap before
{Heap before GC invocations=113 (full 5):
 def new generation   total 79296K, used 78184K [0x0000000706000000, 0x000000070b600000, 0x0000000759550000)
  eden space 70528K, 100% used [0x0000000706000000, 0x000000070a4e0000, 0x000000070a4e0000)
  from space 8768K,  87% used [0x000000070a4e0000, 0x000000070ac5a088, 0x000000070ad70000)
  to   space 8768K,   0% used [0x000000070ad70000, 0x000000070ad70000, 0x000000070b600000)
 tenured generation   total 176040K, used 117569K [0x0000000759550000, 0x000000076413a000, 0x0000000800000000)
   the space 176040K,  66% used [0x0000000759550000, 0x00000007608204a8, 0x0000000760820600, 0x000000076413a000)
 Metaspace       used 21006K, capacity 21345K, committed 21760K, reserved 1069056K
  class space    used 2856K, capacity 2954K, committed 3072K, reserved 1048576K
}
Event: 20.057 GC heap after
{Heap after GC invocations=114 (full 5):
 def new generation   total 79296K, used 7181K [0x0000000706000000, 0x000000070b600000, 0x0000000759550000)
  eden space 70528K,   0% used [0x0000000706000000, 0x0000000706000000, 0x000000070a4e0000)
  from space 8768K,  81% used [0x000000070ad70000, 0x000000070b4736c8, 0x000000070b600000)
  to   space 8768K,   0% used [0x000000070a4e0000, 0x000000070a4e0000, 0x000000070ad70000)
 tenured generation   total 176040K, used 123569K [0x0000000759550000, 0x000000076413a000, 0x0000000800000000)
   the space 176040K,  70% used [0x0000000759550000, 0x0000000760dfc570, 0x0000000760dfc600, 0x000000076413a000)
 Metaspace       used 21006K, capacity 21345K, committed 21760K, reserved 1069056K
  class space    used 2856K, capacity 2954K, committed 3072K, reserved 1048576K
}
Event: 20.704 GC heap before
{Heap before GC invocations=114 (full 5):
 def new generation   total 79296K, used 77709K [0x0000000706000000, 0x000000070b600000, 0x0000000759550000)
  eden space 70528K, 100% used [0x0000000706000000, 0x000000070a4e0000, 0x000000070a4e0000)
  from space 8768K,  81% used [0x000000070ad70000, 0x000000070b4736c8, 0x000000070b600000)
  to   space 8768K,   0% used [0x000000070a4e0000, 0x000000070a4e0000, 0x000000070ad70000)
 tenured generation   total 176040K, used 123569K [0x0000000759550000, 0x000000076413a000, 0x0000000800000000)
   the space 176040K,  70% used [0x0000000759550000, 0x0000000760dfc570, 0x0000000760dfc600, 0x000000076413a000)
 Metaspace       used 21110K, capacity 21442K, committed 21760K, reserved 1069056K
  class space    used 2864K, capacity 2986K, committed 3072K, reserved 1048576K
}
Event: 20.738 GC heap after
{Heap after GC invocations=115 (full 5):
 def new generation   total 79296K, used 7055K [0x0000000706000000, 0x000000070b600000, 0x0000000759550000)
  eden space 70528K,   0% used [0x0000000706000000, 0x0000000706000000, 0x000000070a4e0000)
  from space 8768K,  80% used [0x000000070a4e0000, 0x000000070abc3fa8, 0x000000070ad70000)
  to   space 8768K,   0% used [0x000000070ad70000, 0x000000070ad70000, 0x000000070b600000)
 tenured generation   total 176040K, used 130684K [0x0000000759550000, 0x000000076413a000, 0x0000000800000000)
   the space 176040K,  74% used [0x0000000759550000, 0x00000007614ef0b0, 0x00000007614ef200, 0x000000076413a000)
 Metaspace       used 21110K, capacity 21442K, committed 21760K, reserved 1069056K
  class space    used 2864K, capacity 2986K, committed 3072K, reserved 1048576K
}
Event: 21.674 GC heap before
{Heap before GC invocations=115 (full 5):
 def new generation   total 79296K, used 77583K [0x0000000706000000, 0x000000070b600000, 0x0000000759550000)
  eden space 70528K, 100% used [0x0000000706000000, 0x000000070a4e0000, 0x000000070a4e0000)
  from space 8768K,  80% used [0x000000070a4e0000, 0x000000070abc3fa8, 0x000000070ad70000)
  to   space 8768K,   0% used [0x000000070ad70000, 0x000000070ad70000, 0x000000070b600000)
 tenured generation   total 176040K, used 130684K [0x0000000759550000, 0x000000076413a000, 0x0000000800000000)
   the space 176040K,  74% used [0x0000000759550000, 0x00000007614ef0b0, 0x00000007614ef200, 0x000000076413a000)
 Metaspace       used 21982K, capacity 22292K, committed 22528K, reserved 1069056K
  class space    used 2954K, capacity 3053K, committed 3072K, reserved 1048576K
}
Event: 21.749 GC heap after
{Heap after GC invocations=116 (full 5):
 def new generation   total 79296K, used 8768K [0x0000000706000000, 0x000000070b600000, 0x0000000759550000)
  eden space 70528K,   0% used [0x0000000706000000, 0x0000000706000000, 0x000000070a4e0000)
  from space 8768K, 100% used [0x000000070ad70000, 0x000000070b600000, 0x000000070b600000)
  to   space 8768K,   0% used [0x000000070a4e0000, 0x000000070a4e0000, 0x000000070ad70000)
 tenured generation   total 176040K, used 152291K [0x0000000759550000, 0x000000076413a000, 0x0000000800000000)
   the space 176040K,  86% used [0x0000000759550000, 0x0000000762a08c98, 0x0000000762a08e00, 0x000000076413a000)
 Metaspace       used 21982K, capacity 22292K, committed 22528K, reserved 1069056K
  class space    used 2954K, capacity 3053K, committed 3072K, reserved 1048576K
}
Event: 22.302 GC heap before
{Heap before GC invocations=116 (full 5):
 def new generation   total 79296K, used 79296K [0x0000000706000000, 0x000000070b600000, 0x0000000759550000)
  eden space 70528K, 100% used [0x0000000706000000, 0x000000070a4e0000, 0x000000070a4e0000)
  from space 8768K, 100% used [0x000000070ad70000, 0x000000070b600000, 0x000000070b600000)
  to   space 8768K,   0% used [0x000000070a4e0000, 0x000000070a4e0000, 0x000000070ad70000)
 tenured generation   total 176040K, used 152291K [0x0000000759550000, 0x000000076413a000, 0x0000000800000000)
   the space 176040K,  86% used [0x0000000759550000, 0x0000000762a08c98, 0x0000000762a08e00, 0x000000076413a000)
 Metaspace       used 22470K, capacity 22881K, committed 23168K, reserved 1069056K
  class space    used 2998K, capacity 3119K, committed 3200K, reserved 1048576K
}
Event: 22.857 GC heap after
{Heap after GC invocations=117 (full 6):
 def new generation   total 155712K, used 0K [0x0000000706000000, 0x00000007108f0000, 0x0000000759550000)
  eden space 138432K,   0% used [0x0000000706000000, 0x0000000706000000, 0x000000070e730000)
  from space 17280K,   0% used [0x000000070e730000, 0x000000070e730000, 0x000000070f810000)
  to   space 17280K,   0% used [0x000000070f810000, 0x000000070f810000, 0x00000007108f0000)
 tenured generation   total 345644K, used 207385K [0x0000000759550000, 0x000000076e6db000, 0x0000000800000000)
   the space 345644K,  59% used [0x0000000759550000, 0x0000000765fd6698, 0x0000000765fd6800, 0x000000076e6db000)
 Metaspace       used 22470K, capacity 22881K, committed 23168K, reserved 1069056K
  class space    used 2998K, capacity 3119K, committed 3200K, reserved 1048576K
}
Event: 24.687 GC heap before
{Heap before GC invocations=117 (full 6):
 def new generation   total 155712K, used 138432K [0x0000000706000000, 0x00000007108f0000, 0x0000000759550000)
  eden space 138432K, 100% used [0x0000000706000000, 0x000000070e730000, 0x000000070e730000)
  from space 17280K,   0% used [0x000000070e730000, 0x000000070e730000, 0x000000070f810000)
  to   space 17280K,   0% used [0x000000070f810000, 0x000000070f810000, 0x00000007108f0000)
 tenured generation   total 345644K, used 207385K [0x0000000759550000, 0x000000076e6db000, 0x0000000800000000)
   the space 345644K,  59% used [0x0000000759550000, 0x0000000765fd6698, 0x0000000765fd6800, 0x000000076e6db000)
 Metaspace       used 23953K, capacity 24347K, committed 24576K, reserved 1071104K
  class space    used 3123K, capacity 3271K, committed 3328K, reserved 1048576K
}
Event: 24.953 GC heap after
{Heap after GC invocations=118 (full 6):
 def new generation   total 155712K, used 17280K [0x0000000706000000, 0x00000007108f0000, 0x0000000759550000)
  eden space 138432K,   0% used [0x0000000706000000, 0x0000000706000000, 0x000000070e730000)
  from space 17280K, 100% used [0x000000070f810000, 0x00000007108f0000, 0x00000007108f0000)
  to   space 17280K,   0% used [0x000000070e730000, 0x000000070e730000, 0x000000070f810000)
 tenured generation   total 345644K, used 246777K [0x0000000759550000, 0x000000076e6db000, 0x0000000800000000)
   the space 345644K,  71% used [0x0000000759550000, 0x000000076864e508, 0x000000076864e600, 0x000000076e6db000)
 Metaspace       used 23953K, capacity 24347K, committed 24576K, reserved 1071104K
  class space    used 3123K, capacity 3271K, committed 3328K, reserved 1048576K
}
Event: 26.167 GC heap before
{Heap before GC invocations=118 (full 6):
 def new generation   total 155712K, used 155712K [0x0000000706000000, 0x00000007108f0000, 0x0000000759550000)
  eden space 138432K, 100% used [0x0000000706000000, 0x000000070e730000, 0x000000070e730000)
  from space 17280K, 100% used [0x000000070f810000, 0x00000007108f0000, 0x00000007108f0000)
  to   space 17280K,   0% used [0x000000070e730000, 0x000000070e730000, 0x000000070f810000)
 tenured generation   total 345644K, used 246777K [0x0000000759550000, 0x000000076e6db000, 0x0000000800000000)
   the space 345644K,  71% used [0x0000000759550000, 0x000000076864e508, 0x000000076864e600, 0x000000076e6db000)
 Metaspace       used 24160K, capacity 24559K, committed 24832K, reserved 1071104K
  class space    used 3144K, capacity 3285K, committed 3328K, reserved 1048576K
}
Event: 26.596 GC heap after
{Heap after GC invocations=119 (full 6):
 def new generation   total 155712K, used 17280K [0x0000000706000000, 0x00000007108f0000, 0x0000000759550000)
  eden space 138432K,   0% used [0x0000000706000000, 0x0000000706000000, 0x000000070e730000)
  from space 17280K, 100% used [0x000000070e730000, 0x000000070f810000, 0x000000070f810000)
  to   space 17280K,   0% used [0x000000070f810000, 0x000000070f810000, 0x00000007108f0000)
 tenured generation   total 345644K, used 339115K [0x0000000759550000, 0x000000076e6db000, 0x0000000800000000)
   the space 345644K,  98% used [0x0000000759550000, 0x000000076e07ad10, 0x000000076e07ae00, 0x000000076e6db000)
 Metaspace       used 24160K, capacity 24559K, committed 24832K, reserved 1071104K
  class space    used 3144K, capacity 3285K, committed 3328K, reserved 1048576K
}
Event: 27.703 GC heap before
{Heap before GC invocations=119 (full 6):
 def new generation   total 155712K, used 155712K [0x0000000706000000, 0x00000007108f0000, 0x0000000759550000)
  eden space 138432K, 100% used [0x0000000706000000, 0x000000070e730000, 0x000000070e730000)
  from space 17280K, 100% used [0x000000070e730000, 0x000000070f810000, 0x000000070f810000)
  to   space 17280K,   0% used [0x000000070f810000, 0x000000070f810000, 0x00000007108f0000)
 tenured generation   total 345644K, used 339115K [0x0000000759550000, 0x000000076e6db000, 0x0000000800000000)
   the space 345644K,  98% used [0x0000000759550000, 0x000000076e07ad10, 0x000000076e07ae00, 0x000000076e6db000)
 Metaspace       used 24273K, capacity 24759K, committed 24832K, reserved 1071104K
  class space    used 3153K, capacity 3297K, committed 3328K, reserved 1048576K
}

