# JRE version: OpenJDK Runtime Environment (11.0.8+10) (build 11.0.8+10-post-Ubuntu-0ubuntu118.04.1)
# Java VM: OpenJDK 64-Bit Server VM (11.0.8+10-post-Ubuntu-0ubuntu118.04.1, mixed mode, sharing, tiered, compressed oops, serial gc, linux-amd64)
Heap:
 def new generation   total 154368K, used 154368K [0x0000000725400000, 0x000000072fb80000, 0x000000076e2a0000)
  eden space 137216K, 100% used [0x0000000725400000, 0x000000072da00000, 0x000000072da00000)
  from space 17152K, 100% used [0x000000072da00000, 0x000000072eac0000, 0x000000072eac0000)
  to   space 17152K,  99% used [0x000000072eac0000, 0x000000072fb7fff8, 0x000000072fb80000)
 tenured generation   total 366160K, used 366159K [0x000000076e2a0000, 0x0000000784834000, 0x0000000800000000)
   the space 366160K,  99% used [0x000000076e2a0000, 0x0000000784833fd0, 0x0000000784834000, 0x0000000784834000)
 Metaspace       used 24278K, capacity 24743K, committed 24832K, reserved 1071104K
  class space    used 3152K, capacity 3297K, committed 3328K, reserved 1048576K
GC Heap History (20 events):
Event: 16.744 GC heap after
{Heap after GC invocations=111 (full 5):
 def new generation   total 76096K, used 4862K [0x0000000725400000, 0x000000072a690000, 0x000000076e2a0000)
  eden space 67648K,   7% used [0x0000000725400000, 0x00000007258bfb58, 0x0000000729610000)
  from space 8448K,   0% used [0x0000000729610000, 0x0000000729610000, 0x0000000729e50000)
  to   space 8448K,   0% used [0x0000000729e50000, 0x0000000729e50000, 0x000000072a690000)
 tenured generation   total 168968K, used 101379K [0x000000076e2a0000, 0x00000007787a2000, 0x0000000800000000)
   the space 168968K,  59% used [0x000000076e2a0000, 0x00000007745a0fd0, 0x00000007745a1000, 0x00000007787a2000)
 Metaspace       used 19797K, capacity 20144K, committed 20480K, reserved 1067008K
  class space    used 2676K, capacity 2794K, committed 2816K, reserved 1048576K
}
Event: 17.748 GC heap before
{Heap before GC invocations=111 (full 5):
 def new generation   total 76096K, used 67648K [0x0000000725400000, 0x000000072a690000, 0x000000076e2a0000)
  eden space 67648K, 100% used [0x0000000725400000, 0x0000000729610000, 0x0000000729610000)
  from space 8448K,   0% used [0x0000000729610000, 0x0000000729610000, 0x0000000729e50000)
  to   space 8448K,   0% used [0x0000000729e50000, 0x0000000729e50000, 0x000000072a690000)
 tenured generation   total 168968K, used 101379K [0x000000076e2a0000, 0x00000007787a2000, 0x0000000800000000)
   the space 168968K,  59% used [0x000000076e2a0000, 0x00000007745a0fd0, 0x00000007745a1000, 0x00000007787a2000)
 Metaspace       used 20575K, capacity 20881K, committed 21120K, reserved 1067008K
  class space    used 2790K, capacity 2890K, committed 2944K, reserved 1048576K
}
Event: 17.814 GC heap after
{Heap after GC invocations=112 (full 5):
 def new generation   total 76096K, used 8447K [0x0000000725400000, 0x000000072a690000, 0x000000076e2a0000)
  eden space 67648K,   0% used [0x0000000725400000, 0x0000000725400000, 0x0000000729610000)
  from space 8448K,  99% used [0x0000000729e50000, 0x000000072a68fff0, 0x000000072a690000)
  to   space 8448K,   0% used [0x0000000729610000, 0x0000000729610000, 0x0000000729e50000)
 tenured generation   total 168968K, used 102087K [0x000000076e2a0000, 0x00000007787a2000, 0x0000000800000000)
   the space 168968K,  60% used [0x000000076e2a0000, 0x0000000774651e30, 0x0000000774652000, 0x00000007787a2000)
 Metaspace       used 20575K, capacity 20881K, committed 21120K, reserved 1067008K
  class space    used 2790K, capacity 2890K, committed 2944K, reserved 1048576K
}
Event: 18.409 GC heap before
{Heap before GC invocations=112 (full 5):
 def new generation   total 76096K, used 76095K [0x0000000725400000, 0x000000072a690000, 0x000000076e2a0000)
  eden space 67648K, 100% used [0x0000000725400000, 0x0000000729610000, 0x0000000729610000)
  from space 8448K,  99% used [0x0000000729e50000, 0x000000072a68fff0, 0x000000072a690000)
  to   space 8448K,   0% used [0x0000000729610000, 0x0000000729610000, 0x0000000729e50000)
 tenured generation   total 168968K, used 102087K [0x000000076e2a0000, 0x00000007787a2000, 0x0000000800000000)
   the space 168968K,  60% used [0x000000076e2a0000, 0x0000000774651e30, 0x0000000774652000, 0x00000007787a2000)
 Metaspace       used 20705K, capacity 21041K, committed 21376K, reserved 1067008K
  class space    used 2820K, capacity 2922K, committed 2944K, reserved 1048576K
}
Event: 18.498 GC heap after
{Heap after GC invocations=113 (full 5):
 def new generation   total 76096K, used 5333K [0x0000000725400000, 0x000000072a690000, 0x000000076e2a0000)
  eden space 67648K,   0% used [0x0000000725400000, 0x0000000725400000, 0x0000000729610000)
  from space 8448K,  63% used [0x0000000729610000, 0x0000000729b457b8, 0x0000000729e50000)
  to   space 8448K,   0% used [0x0000000729e50000, 0x0000000729e50000, 0x000000072a690000)
 tenured generation   total 168968K, used 110481K [0x000000076e2a0000, 0x00000007787a2000, 0x0000000800000000)
   the space 168968K,  65% used [0x000000076e2a0000, 0x0000000774e847b0, 0x0000000774e84800, 0x00000007787a2000)
 Metaspace       used 20705K, capacity 21041K, committed 21376K, reserved 1067008K
  class space    used 2820K, capacity 2922K, committed 2944K, reserved 1048576K
}
Event: 19.101 GC heap before
{Heap before GC invocations=113 (full 5):
 def new generation   total 76096K, used 72981K [0x0000000725400000, 0x000000072a690000, 0x000000076e2a0000)
  eden space 67648K, 100% used [0x0000000725400000, 0x0000000729610000, 0x0000000729610000)
  from space 8448K,  63% used [0x0000000729610000, 0x0000000729b457b8, 0x0000000729e50000)
  to   space 8448K,   0% used [0x0000000729e50000, 0x0000000729e50000, 0x000000072a690000)
 tenured generation   total 168968K, used 110481K [0x000000076e2a0000, 0x00000007787a2000, 0x0000000800000000)
   the space 168968K,  65% used [0x000000076e2a0000, 0x0000000774e847b0, 0x0000000774e84800, 0x00000007787a2000)
 Metaspace       used 20769K, capacity 21137K, committed 21504K, reserved 1067008K
  class space    used 2833K, capacity 2954K, committed 3072K, reserved 1048576K
}
Event: 19.135 GC heap after
{Heap after GC invocations=114 (full 5):
 def new generation   total 76096K, used 5969K [0x0000000725400000, 0x000000072a690000, 0x000000076e2a0000)
  eden space 67648K,   0% used [0x0000000725400000, 0x0000000725400000, 0x0000000729610000)
  from space 8448K,  70% used [0x0000000729e50000, 0x000000072a4247a0, 0x000000072a690000)
  to   space 8448K,   0% used [0x0000000729610000, 0x0000000729610000, 0x0000000729e50000)
 tenured generation   total 168968K, used 114960K [0x000000076e2a0000, 0x00000007787a2000, 0x0000000800000000)
   the space 168968K,  68% used [0x000000076e2a0000, 0x00000007752e40e8, 0x00000007752e4200, 0x00000007787a2000)
 Metaspace       used 20769K, capacity 21137K, committed 21504K, reserved 1067008K
  class space    used 2833K, capacity 2954K, committed 3072K, reserved 1048576K
}
Event: 19.785 GC heap before
{Heap before GC invocations=114 (full 5):
 def new generation   total 76096K, used 73617K [0x0000000725400000, 0x000000072a690000, 0x000000076e2a0000)
  eden space 67648K, 100% used [0x0000000725400000, 0x0000000729610000, 0x0000000729610000)
  from space 8448K,  70% used [0x0000000729e50000, 0x000000072a4247a0, 0x000000072a690000)
  to   space 8448K,   0% used [0x0000000729610000, 0x0000000729610000, 0x0000000729e50000)
 tenured generation   total 168968K, used 114960K [0x000000076e2a0000, 0x00000007787a2000, 0x0000000800000000)
   the space 168968K,  68% used [0x000000076e2a0000, 0x00000007752e40e8, 0x00000007752e4200, 0x00000007787a2000)
 Metaspace       used 21056K, capacity 21426K, committed 21760K, reserved 1069056K
  class space    used 2863K, capacity 2986K, committed 3072K, reserved 1048576K
}
Event: 19.838 GC heap after
{Heap after GC invocations=115 (full 5):
 def new generation   total 76096K, used 8448K [0x0000000725400000, 0x000000072a690000, 0x000000076e2a0000)
  eden space 67648K,   0% used [0x0000000725400000, 0x0000000725400000, 0x0000000729610000)
  from space 8448K, 100% used [0x0000000729610000, 0x0000000729e50000, 0x0000000729e50000)
  to   space 8448K,   0% used [0x0000000729e50000, 0x0000000729e50000, 0x000000072a690000)
 tenured generation   total 168968K, used 118857K [0x000000076e2a0000, 0x00000007787a2000, 0x0000000800000000)
   the space 168968K,  70% used [0x000000076e2a0000, 0x00000007756b2750, 0x00000007756b2800, 0x00000007787a2000)
 Metaspace       used 21056K, capacity 21426K, committed 21760K, reserved 1069056K
  class space    used 2863K, capacity 2986K, committed 3072K, reserved 1048576K
}
Event: 20.386 GC heap before
{Heap before GC invocations=115 (full 5):
 def new generation   total 76096K, used 76096K [0x0000000725400000, 0x000000072a690000, 0x000000076e2a0000)
  eden space 67648K, 100% used [0x0000000725400000, 0x0000000729610000, 0x0000000729610000)
  from space 8448K, 100% used [0x0000000729610000, 0x0000000729e50000, 0x0000000729e50000)
  to   space 8448K,   0% used [0x0000000729e50000, 0x0000000729e50000, 0x000000072a690000)
 tenured generation   total 168968K, used 118857K [0x000000076e2a0000, 0x00000007787a2000, 0x0000000800000000)
   the space 168968K,  70% used [0x000000076e2a0000, 0x00000007756b2750, 0x00000007756b2800, 0x00000007787a2000)
 Metaspace       used 21072K, capacity 21426K, committed 21760K, reserved 1069056K
  class space    used 2864K, capacity 2986K, committed 3072K, reserved 1048576K
}
Event: 20.423 GC heap after
{Heap after GC invocations=116 (full 5):
 def new generation   total 76096K, used 6807K [0x0000000725400000, 0x000000072a690000, 0x000000076e2a0000)
  eden space 67648K,   0% used [0x0000000725400000, 0x0000000725400000, 0x0000000729610000)
  from space 8448K,  80% used [0x0000000729e50000, 0x000000072a4f5e10, 0x000000072a690000)
  to   space 8448K,   0% used [0x0000000729610000, 0x0000000729610000, 0x0000000729e50000)
 tenured generation   total 168968K, used 127236K [0x000000076e2a0000, 0x00000007787a2000, 0x0000000800000000)
   the space 168968K,  75% used [0x000000076e2a0000, 0x0000000775ee1358, 0x0000000775ee1400, 0x00000007787a2000)
 Metaspace       used 21072K, capacity 21426K, committed 21760K, reserved 1069056K
  class space    used 2864K, capacity 2986K, committed 3072K, reserved 1048576K
}
Event: 21.382 GC heap before
{Heap before GC invocations=116 (full 5):
 def new generation   total 76096K, used 74455K [0x0000000725400000, 0x000000072a690000, 0x000000076e2a0000)
  eden space 67648K, 100% used [0x0000000725400000, 0x0000000729610000, 0x0000000729610000)
  from space 8448K,  80% used [0x0000000729e50000, 0x000000072a4f5e10, 0x000000072a690000)
  to   space 8448K,   0% used [0x0000000729610000, 0x0000000729610000, 0x0000000729e50000)
 tenured generation   total 168968K, used 127236K [0x000000076e2a0000, 0x00000007787a2000, 0x0000000800000000)
   the space 168968K,  75% used [0x000000076e2a0000, 0x0000000775ee1358, 0x0000000775ee1400, 0x00000007787a2000)
 Metaspace       used 21955K, capacity 22276K, committed 22528K, reserved 1069056K
  class space    used 2954K, capacity 3053K, committed 3072K, reserved 1048576K
}
Event: 21.462 GC heap after
{Heap after GC invocations=117 (full 5):
 def new generation   total 76096K, used 8448K [0x0000000725400000, 0x000000072a690000, 0x000000076e2a0000)
  eden space 67648K,   0% used [0x0000000725400000, 0x0000000725400000, 0x0000000729610000)
  from space 8448K, 100% used [0x0000000729610000, 0x0000000729e50000, 0x0000000729e50000)
  to   space 8448K,   0% used [0x0000000729e50000, 0x0000000729e50000, 0x000000072a690000)
 tenured generation   total 168968K, used 148385K [0x000000076e2a0000, 0x00000007787a2000, 0x0000000800000000)
   the space 168968K,  87% used [0x000000076e2a0000, 0x0000000777388720, 0x0000000777388800, 0x00000007787a2000)
 Metaspace       used 21955K, capacity 22276K, committed 22528K, reserved 1069056K
  class space    used 2954K, capacity 3053K, committed 3072K, reserved 1048576K
}
Event: 21.825 GC heap before
{Heap before GC invocations=117 (full 5):
 def new generation   total 76096K, used 76096K [0x0000000725400000, 0x000000072a690000, 0x000000076e2a0000)
  eden space 67648K, 100% used [0x0000000725400000, 0x0000000729610000, 0x0000000729610000)
  from space 8448K, 100% used [0x0000000729610000, 0x0000000729e50000, 0x0000000729e50000)
  to   space 8448K,   0% used [0x0000000729e50000, 0x0000000729e50000, 0x000000072a690000)
 tenured generation   total 168968K, used 148385K [0x000000076e2a0000, 0x00000007787a2000, 0x0000000800000000)
   the space 168968K,  87% used [0x000000076e2a0000, 0x0000000777388720, 0x0000000777388800, 0x00000007787a2000)
 Metaspace       used 22462K, capacity 22801K, committed 23168K, reserved 1069056K
  class space    used 2998K, capacity 3119K, committed 3200K, reserved 1048576K
}
Event: 22.328 GC heap after
{Heap after GC invocations=118 (full 6):
 def new generation   total 154368K, used 8279K [0x0000000725400000, 0x000000072fb80000, 0x000000076e2a0000)
  eden space 137216K,   6% used [0x0000000725400000, 0x0000000725c15f18, 0x000000072da00000)
  from space 17152K,   0% used [0x000000072da00000, 0x000000072da00000, 0x000000072eac0000)
  to   space 17152K,   0% used [0x000000072eac0000, 0x000000072eac0000, 0x000000072fb80000)
 tenured generation   total 342736K, used 205639K [0x000000076e2a0000, 0x0000000783154000, 0x0000000800000000)
   the space 342736K,  59% used [0x000000076e2a0000, 0x000000077ab71fe0, 0x000000077ab72000, 0x0000000783154000)
 Metaspace       used 22462K, capacity 22801K, committed 23168K, reserved 1069056K
  class space    used 2998K, capacity 3119K, committed 3200K, reserved 1048576K
}
Event: 24.183 GC heap before
{Heap before GC invocations=118 (full 6):
 def new generation   total 154368K, used 137216K [0x0000000725400000, 0x000000072fb80000, 0x000000076e2a0000)
  eden space 137216K, 100% used [0x0000000725400000, 0x000000072da00000, 0x000000072da00000)
  from space 17152K,   0% used [0x000000072da00000, 0x000000072da00000, 0x000000072eac0000)
  to   space 17152K,   0% used [0x000000072eac0000, 0x000000072eac0000, 0x000000072fb80000)
 tenured generation   total 342736K, used 205639K [0x000000076e2a0000, 0x0000000783154000, 0x0000000800000000)
   the space 342736K,  59% used [0x000000076e2a0000, 0x000000077ab71fe0, 0x000000077ab72000, 0x0000000783154000)
 Metaspace       used 23951K, capacity 24395K, committed 24832K, reserved 1071104K
  class space    used 3122K, capacity 3271K, committed 3328K, reserved 1048576K
}
Event: 24.462 GC heap after
{Heap after GC invocations=119 (full 6):
 def new generation   total 154368K, used 17152K [0x0000000725400000, 0x000000072fb80000, 0x000000076e2a0000)
  eden space 137216K,   0% used [0x0000000725400000, 0x0000000725400000, 0x000000072da00000)
  from space 17152K, 100% used [0x000000072eac0000, 0x000000072fb80000, 0x000000072fb80000)
  to   space 17152K,   0% used [0x000000072da00000, 0x000000072da00000, 0x000000072eac0000)
 tenured generation   total 342736K, used 242853K [0x000000076e2a0000, 0x0000000783154000, 0x0000000800000000)
   the space 342736K,  70% used [0x000000076e2a0000, 0x000000077cfc9738, 0x000000077cfc9800, 0x0000000783154000)
 Metaspace       used 23951K, capacity 24395K, committed 24832K, reserved 1071104K
  class space    used 3122K, capacity 3271K, committed 3328K, reserved 1048576K
}
Event: 26.039 GC heap before
{Heap before GC invocations=119 (full 6):
 def new generation   total 154368K, used 154368K [0x0000000725400000, 0x000000072fb80000, 0x000000076e2a0000)
  eden space 137216K, 100% used [0x0000000725400000, 0x000000072da00000, 0x000000072da00000)
  from space 17152K, 100% used [0x000000072eac0000, 0x000000072fb80000, 0x000000072fb80000)
  to   space 17152K,   0% used [0x000000072da00000, 0x000000072da00000, 0x000000072eac0000)
 tenured generation   total 342736K, used 242853K [0x000000076e2a0000, 0x0000000783154000, 0x0000000800000000)
   the space 342736K,  70% used [0x000000076e2a0000, 0x000000077cfc9738, 0x000000077cfc9800, 0x0000000783154000)
 Metaspace       used 24158K, capacity 24607K, committed 24832K, reserved 1071104K
  class space    used 3144K, capacity 3285K, committed 3328K, reserved 1048576K
}
Event: 26.448 GC heap after
{Heap after GC invocations=120 (full 6):
 def new generation   total 154368K, used 17152K [0x0000000725400000, 0x000000072fb80000, 0x000000076e2a0000)
  eden space 137216K,   0% used [0x0000000725400000, 0x0000000725400000, 0x000000072da00000)
  from space 17152K, 100% used [0x000000072da00000, 0x000000072eac0000, 0x000000072eac0000)
  to   space 17152K,   0% used [0x000000072eac0000, 0x000000072eac0000, 0x000000072fb80000)
 tenured generation   total 342736K, used 333275K [0x000000076e2a0000, 0x0000000783154000, 0x0000000800000000)
   the space 342736K,  97% used [0x000000076e2a0000, 0x0000000782816e40, 0x0000000782817000, 0x0000000783154000)
 Metaspace       used 24158K, capacity 24607K, committed 24832K, reserved 1071104K
  class space    used 3144K, capacity 3285K, committed 3328K, reserved 1048576K
}
Event: 27.518 GC heap before
{Heap before GC invocations=120 (full 6):
 def new generation   total 154368K, used 154368K [0x0000000725400000, 0x000000072fb80000, 0x000000076e2a0000)
  eden space 137216K, 100% used [0x0000000725400000, 0x000000072da00000, 0x000000072da00000)
  from space 17152K, 100% used [0x000000072da00000, 0x000000072eac0000, 0x000000072eac0000)
  to   space 17152K,   0% used [0x000000072eac0000, 0x000000072eac0000, 0x000000072fb80000)
 tenured generation   total 342736K, used 333275K [0x000000076e2a0000, 0x0000000783154000, 0x0000000800000000)
   the space 342736K,  97% used [0x000000076e2a0000, 0x0000000782816e40, 0x0000000782817000, 0x0000000783154000)
 Metaspace       used 24278K, capacity 24743K, committed 24832K, reserved 1071104K
  class space    used 3152K, capacity 3297K, committed 3328K, reserved 1048576K
}

