# JRE version: OpenJDK Runtime Environment (11.0.8+10) (build 11.0.8+10-post-Ubuntu-0ubuntu118.04.1)
# Java VM: OpenJDK 64-Bit Server VM (11.0.8+10-post-Ubuntu-0ubuntu118.04.1, mixed mode, sharing, tiered, compressed oops, serial gc, linux-amd64)
Heap:
 def new generation   total 143744K, used 143744K [0x0000001000200000, 0x0000001009df0000, 0x000000129aca0000)
  eden space 127808K, 100% used [0x0000001000200000, 0x0000001007ed0000, 0x0000001007ed0000)
  from space 15936K, 100% used [0x0000001007ed0000, 0x0000001008e60000, 0x0000001008e60000)
  to   space 15936K, 100% used [0x0000001008e60000, 0x0000001009df0000, 0x0000001009df0000)
 tenured generation   total 364160K, used 364159K [0x000000129aca0000, 0x00000012b1040000, 0x00000017d0200000)
   the space 364160K,  99% used [0x000000129aca0000, 0x00000012b103ffa8, 0x00000012b1040000, 0x00000012b1040000)
 Metaspace       used 24242K, capacity 24688K, committed 24832K, reserved 1071104K
  class space    used 3152K, capacity 3296K, committed 3328K, reserved 1048576K
GC Heap History (20 events):
Event: 17.283 GC heap after
{Heap after GC invocations=110 (full 4):
 def new generation   total 49152K, used 5440K [0x0000001000200000, 0x0000001003750000, 0x000000129aca0000)
  eden space 43712K,   0% used [0x0000001000200000, 0x0000001000200000, 0x0000001002cb0000)
  from space 5440K, 100% used [0x0000001002cb0000, 0x0000001003200000, 0x0000001003200000)
  to   space 5440K,   0% used [0x0000001003200000, 0x0000001003200000, 0x0000001003750000)
 tenured generation   total 109016K, used 101502K [0x000000129aca0000, 0x00000012a1716000, 0x00000017d0200000)
   the space 109016K,  93% used [0x000000129aca0000, 0x00000012a0fbf808, 0x00000012a0fbfa00, 0x00000012a1716000)
 Metaspace       used 19828K, capacity 20160K, committed 20480K, reserved 1067008K
  class space    used 2676K, capacity 2794K, committed 2816K, reserved 1048576K
}
Event: 17.960 GC heap before
{Heap before GC invocations=110 (full 4):
 def new generation   total 49152K, used 49152K [0x0000001000200000, 0x0000001003750000, 0x000000129aca0000)
  eden space 43712K, 100% used [0x0000001000200000, 0x0000001002cb0000, 0x0000001002cb0000)
  from space 5440K, 100% used [0x0000001002cb0000, 0x0000001003200000, 0x0000001003200000)
  to   space 5440K,   0% used [0x0000001003200000, 0x0000001003200000, 0x0000001003750000)
 tenured generation   total 109016K, used 101502K [0x000000129aca0000, 0x00000012a1716000, 0x00000017d0200000)
   the space 109016K,  93% used [0x000000129aca0000, 0x00000012a0fbf808, 0x00000012a0fbfa00, 0x00000012a1716000)
 Metaspace       used 20553K, capacity 20897K, committed 21120K, reserved 1067008K
  class space    used 2785K, capacity 2890K, committed 2944K, reserved 1048576K
}
Event: 17.985 GC heap after
{Heap after GC invocations=111 (full 4):
 def new generation   total 49152K, used 4130K [0x0000001000200000, 0x0000001003750000, 0x000000129aca0000)
  eden space 43712K,   0% used [0x0000001000200000, 0x0000001000200000, 0x0000001002cb0000)
  from space 5440K,  75% used [0x0000001003200000, 0x0000001003608948, 0x0000001003750000)
  to   space 5440K,   0% used [0x0000001002cb0000, 0x0000001002cb0000, 0x0000001003200000)
 tenured generation   total 109016K, used 106933K [0x000000129aca0000, 0x00000012a1716000, 0x00000017d0200000)
   the space 109016K,  98% used [0x000000129aca0000, 0x00000012a150d710, 0x00000012a150d800, 0x00000012a1716000)
 Metaspace       used 20553K, capacity 20897K, committed 21120K, reserved 1067008K
  class space    used 2785K, capacity 2890K, committed 2944K, reserved 1048576K
}
Event: 18.444 GC heap before
{Heap before GC invocations=111 (full 4):
 def new generation   total 49152K, used 47842K [0x0000001000200000, 0x0000001003750000, 0x000000129aca0000)
  eden space 43712K, 100% used [0x0000001000200000, 0x0000001002cb0000, 0x0000001002cb0000)
  from space 5440K,  75% used [0x0000001003200000, 0x0000001003608948, 0x0000001003750000)
  to   space 5440K,   0% used [0x0000001002cb0000, 0x0000001002cb0000, 0x0000001003200000)
 tenured generation   total 109016K, used 106933K [0x000000129aca0000, 0x00000012a1716000, 0x00000017d0200000)
   the space 109016K,  98% used [0x000000129aca0000, 0x00000012a150d710, 0x00000012a150d800, 0x00000012a1716000)
 Metaspace       used 20712K, capacity 21057K, committed 21376K, reserved 1067008K
  class space    used 2816K, capacity 2922K, committed 2944K, reserved 1048576K
}
Event: 18.751 GC heap after
{Heap after GC invocations=112 (full 5):
 def new generation   total 81984K, used 3721K [0x0000001000200000, 0x0000001005af0000, 0x000000129aca0000)
  eden space 72896K,   5% used [0x0000001000200000, 0x00000010005a24a8, 0x0000001004930000)
  from space 9088K,   0% used [0x0000001004930000, 0x0000001004930000, 0x0000001005210000)
  to   space 9088K,   0% used [0x0000001005210000, 0x0000001005210000, 0x0000001005af0000)
 tenured generation   total 182016K, used 109208K [0x000000129aca0000, 0x00000012a5e60000, 0x00000017d0200000)
   the space 182016K,  59% used [0x000000129aca0000, 0x00000012a1746000, 0x00000012a1746000, 0x00000012a5e60000)
 Metaspace       used 20712K, capacity 21057K, committed 21376K, reserved 1067008K
  class space    used 2816K, capacity 2922K, committed 2944K, reserved 1048576K
}
Event: 19.512 GC heap before
{Heap before GC invocations=112 (full 5):
 def new generation   total 81984K, used 72896K [0x0000001000200000, 0x0000001005af0000, 0x000000129aca0000)
  eden space 72896K, 100% used [0x0000001000200000, 0x0000001004930000, 0x0000001004930000)
  from space 9088K,   0% used [0x0000001004930000, 0x0000001004930000, 0x0000001005210000)
  to   space 9088K,   0% used [0x0000001005210000, 0x0000001005210000, 0x0000001005af0000)
 tenured generation   total 182016K, used 109208K [0x000000129aca0000, 0x00000012a5e60000, 0x00000017d0200000)
   the space 182016K,  59% used [0x000000129aca0000, 0x00000012a1746000, 0x00000012a1746000, 0x00000012a5e60000)
 Metaspace       used 20742K, capacity 21057K, committed 21376K, reserved 1067008K
  class space    used 2820K, capacity 2922K, committed 2944K, reserved 1048576K
}
Event: 19.592 GC heap after
{Heap after GC invocations=113 (full 5):
 def new generation   total 81984K, used 9087K [0x0000001000200000, 0x0000001005af0000, 0x000000129aca0000)
  eden space 72896K,   0% used [0x0000001000200000, 0x0000001000200000, 0x0000001004930000)
  from space 9088K,  99% used [0x0000001005210000, 0x0000001005aefff0, 0x0000001005af0000)
  to   space 9088K,   0% used [0x0000001004930000, 0x0000001004930000, 0x0000001005210000)
 tenured generation   total 182016K, used 111045K [0x000000129aca0000, 0x00000012a5e60000, 0x00000017d0200000)
   the space 182016K,  61% used [0x000000129aca0000, 0x00000012a19116a8, 0x00000012a1911800, 0x00000012a5e60000)
 Metaspace       used 20742K, capacity 21057K, committed 21376K, reserved 1067008K
  class space    used 2820K, capacity 2922K, committed 2944K, reserved 1048576K
}
Event: 20.478 GC heap before
{Heap before GC invocations=113 (full 5):
 def new generation   total 81984K, used 81983K [0x0000001000200000, 0x0000001005af0000, 0x000000129aca0000)
  eden space 72896K, 100% used [0x0000001000200000, 0x0000001004930000, 0x0000001004930000)
  from space 9088K,  99% used [0x0000001005210000, 0x0000001005aefff0, 0x0000001005af0000)
  to   space 9088K,   0% used [0x0000001004930000, 0x0000001004930000, 0x0000001005210000)
 tenured generation   total 182016K, used 111045K [0x000000129aca0000, 0x00000012a5e60000, 0x00000017d0200000)
   the space 182016K,  61% used [0x000000129aca0000, 0x00000012a19116a8, 0x00000012a1911800, 0x00000012a5e60000)
 Metaspace       used 20799K, capacity 21217K, committed 21504K, reserved 1067008K
  class space    used 2833K, capacity 2954K, committed 3072K, reserved 1048576K
}
Event: 20.516 GC heap after
{Heap after GC invocations=114 (full 5):
 def new generation   total 81984K, used 4231K [0x0000001000200000, 0x0000001005af0000, 0x000000129aca0000)
  eden space 72896K,   0% used [0x0000001000200000, 0x0000001000200000, 0x0000001004930000)
  from space 9088K,  46% used [0x0000001004930000, 0x0000001004d51fc0, 0x0000001005210000)
  to   space 9088K,   0% used [0x0000001005210000, 0x0000001005210000, 0x0000001005af0000)
 tenured generation   total 182016K, used 120104K [0x000000129aca0000, 0x00000012a5e60000, 0x00000017d0200000)
   the space 182016K,  65% used [0x000000129aca0000, 0x00000012a21ea0f8, 0x00000012a21ea200, 0x00000012a5e60000)
 Metaspace       used 20799K, capacity 21217K, committed 21504K, reserved 1067008K
  class space    used 2833K, capacity 2954K, committed 3072K, reserved 1048576K
}
Event: 21.232 GC heap before
{Heap before GC invocations=114 (full 5):
 def new generation   total 81984K, used 77127K [0x0000001000200000, 0x0000001005af0000, 0x000000129aca0000)
  eden space 72896K, 100% used [0x0000001000200000, 0x0000001004930000, 0x0000001004930000)
  from space 9088K,  46% used [0x0000001004930000, 0x0000001004d51fc0, 0x0000001005210000)
  to   space 9088K,   0% used [0x0000001005210000, 0x0000001005210000, 0x0000001005af0000)
 tenured generation   total 182016K, used 120104K [0x000000129aca0000, 0x00000012a5e60000, 0x00000017d0200000)
   the space 182016K,  65% used [0x000000129aca0000, 0x00000012a21ea0f8, 0x00000012a21ea200, 0x00000012a5e60000)
 Metaspace       used 21090K, capacity 21442K, committed 21760K, reserved 1069056K
  class space    used 2864K, capacity 2986K, committed 3072K, reserved 1048576K
}
Event: 21.274 GC heap after
{Heap after GC invocations=115 (full 5):
 def new generation   total 81984K, used 9087K [0x0000001000200000, 0x0000001005af0000, 0x000000129aca0000)
  eden space 72896K,   0% used [0x0000001000200000, 0x0000001000200000, 0x0000001004930000)
  from space 9088K,  99% used [0x0000001005210000, 0x0000001005aefff8, 0x0000001005af0000)
  to   space 9088K,   0% used [0x0000001004930000, 0x0000001004930000, 0x0000001005210000)
 tenured generation   total 182016K, used 125442K [0x000000129aca0000, 0x00000012a5e60000, 0x00000017d0200000)
   the space 182016K,  68% used [0x000000129aca0000, 0x00000012a2720ad8, 0x00000012a2720c00, 0x00000012a5e60000)
 Metaspace       used 21090K, capacity 21442K, committed 21760K, reserved 1069056K
  class space    used 2864K, capacity 2986K, committed 3072K, reserved 1048576K
}
Event: 22.148 GC heap before
{Heap before GC invocations=115 (full 5):
 def new generation   total 81984K, used 81983K [0x0000001000200000, 0x0000001005af0000, 0x000000129aca0000)
  eden space 72896K, 100% used [0x0000001000200000, 0x0000001004930000, 0x0000001004930000)
  from space 9088K,  99% used [0x0000001005210000, 0x0000001005aefff8, 0x0000001005af0000)
  to   space 9088K,   0% used [0x0000001004930000, 0x0000001004930000, 0x0000001005210000)
 tenured generation   total 182016K, used 125442K [0x000000129aca0000, 0x00000012a5e60000, 0x00000017d0200000)
   the space 182016K,  68% used [0x000000129aca0000, 0x00000012a2720ad8, 0x00000012a2720c00, 0x00000012a5e60000)
 Metaspace       used 21866K, capacity 22222K, committed 22528K, reserved 1069056K
  class space    used 2948K, capacity 3052K, committed 3072K, reserved 1048576K
}
Event: 22.250 GC heap after
{Heap after GC invocations=116 (full 5):
 def new generation   total 81984K, used 9087K [0x0000001000200000, 0x0000001005af0000, 0x000000129aca0000)
  eden space 72896K,   0% used [0x0000001000200000, 0x0000001000200000, 0x0000001004930000)
  from space 9088K,  99% used [0x0000001004930000, 0x000000100520fff8, 0x0000001005210000)
  to   space 9088K,   0% used [0x0000001005210000, 0x0000001005210000, 0x0000001005af0000)
 tenured generation   total 182016K, used 143776K [0x000000129aca0000, 0x00000012a5e60000, 0x00000017d0200000)
   the space 182016K,  78% used [0x000000129aca0000, 0x00000012a39083f0, 0x00000012a3908400, 0x00000012a5e60000)
 Metaspace       used 21866K, capacity 22222K, committed 22528K, reserved 1069056K
  class space    used 2948K, capacity 3052K, committed 3072K, reserved 1048576K
}
Event: 22.776 GC heap before
{Heap before GC invocations=116 (full 5):
 def new generation   total 81984K, used 81983K [0x0000001000200000, 0x0000001005af0000, 0x000000129aca0000)
  eden space 72896K, 100% used [0x0000001000200000, 0x0000001004930000, 0x0000001004930000)
  from space 9088K,  99% used [0x0000001004930000, 0x000000100520fff8, 0x0000001005210000)
  to   space 9088K,   0% used [0x0000001005210000, 0x0000001005210000, 0x0000001005af0000)
 tenured generation   total 182016K, used 143776K [0x000000129aca0000, 0x00000012a5e60000, 0x00000017d0200000)
   the space 182016K,  78% used [0x000000129aca0000, 0x00000012a39083f0, 0x00000012a3908400, 0x00000012a5e60000)
 Metaspace       used 22446K, capacity 22816K, committed 23168K, reserved 1069056K
  class space    used 2998K, capacity 3119K, committed 3200K, reserved 1048576K
}
Event: 23.250 GC heap after
{Heap after GC invocations=117 (full 6):
 def new generation   total 143744K, used 8942K [0x0000001000200000, 0x0000001009df0000, 0x000000129aca0000)
  eden space 127808K,   6% used [0x0000001000200000, 0x0000001000abba10, 0x0000001007ed0000)
  from space 15936K,   0% used [0x0000001007ed0000, 0x0000001007ed0000, 0x0000001008e60000)
  to   space 15936K,   0% used [0x0000001008e60000, 0x0000001008e60000, 0x0000001009df0000)
 tenured generation   total 319040K, used 191423K [0x000000129aca0000, 0x00000012ae430000, 0x00000017d0200000)
   the space 319040K,  59% used [0x000000129aca0000, 0x00000012a678ffd8, 0x00000012a6790000, 0x00000012ae430000)
 Metaspace       used 22446K, capacity 22816K, committed 23168K, reserved 1069056K
  class space    used 2998K, capacity 3119K, committed 3200K, reserved 1048576K
}
Event: 24.736 GC heap before
{Heap before GC invocations=117 (full 6):
 def new generation   total 143744K, used 127808K [0x0000001000200000, 0x0000001009df0000, 0x000000129aca0000)
  eden space 127808K, 100% used [0x0000001000200000, 0x0000001007ed0000, 0x0000001007ed0000)
  from space 15936K,   0% used [0x0000001007ed0000, 0x0000001007ed0000, 0x0000001008e60000)
  to   space 15936K,   0% used [0x0000001008e60000, 0x0000001008e60000, 0x0000001009df0000)
 tenured generation   total 319040K, used 191423K [0x000000129aca0000, 0x00000012ae430000, 0x00000017d0200000)
   the space 319040K,  59% used [0x000000129aca0000, 0x00000012a678ffd8, 0x00000012a6790000, 0x00000012ae430000)
 Metaspace       used 23822K, capacity 24226K, committed 24576K, reserved 1071104K
  class space    used 3113K, capacity 3235K, committed 3328K, reserved 1048576K
}
Event: 24.950 GC heap after
{Heap after GC invocations=118 (full 6):
 def new generation   total 143744K, used 15935K [0x0000001000200000, 0x0000001009df0000, 0x000000129aca0000)
  eden space 127808K,   0% used [0x0000001000200000, 0x0000001000200000, 0x0000001007ed0000)
  from space 15936K,  99% used [0x0000001008e60000, 0x0000001009defff8, 0x0000001009df0000)
  to   space 15936K,   0% used [0x0000001007ed0000, 0x0000001007ed0000, 0x0000001008e60000)
 tenured generation   total 319040K, used 234929K [0x000000129aca0000, 0x00000012ae430000, 0x00000017d0200000)
   the space 319040K,  73% used [0x000000129aca0000, 0x00000012a920c698, 0x00000012a920c800, 0x00000012ae430000)
 Metaspace       used 23822K, capacity 24226K, committed 24576K, reserved 1071104K
  class space    used 3113K, capacity 3235K, committed 3328K, reserved 1048576K
}
Event: 26.067 GC heap before
{Heap before GC invocations=118 (full 6):
 def new generation   total 143744K, used 143743K [0x0000001000200000, 0x0000001009df0000, 0x000000129aca0000)
  eden space 127808K, 100% used [0x0000001000200000, 0x0000001007ed0000, 0x0000001007ed0000)
  from space 15936K,  99% used [0x0000001008e60000, 0x0000001009defff8, 0x0000001009df0000)
  to   space 15936K,   0% used [0x0000001007ed0000, 0x0000001007ed0000, 0x0000001008e60000)
 tenured generation   total 319040K, used 234929K [0x000000129aca0000, 0x00000012ae430000, 0x00000017d0200000)
   the space 319040K,  73% used [0x000000129aca0000, 0x00000012a920c698, 0x00000012a920c800, 0x00000012ae430000)
 Metaspace       used 24101K, capacity 24494K, committed 24576K, reserved 1071104K
  class space    used 3144K, capacity 3285K, committed 3328K, reserved 1048576K
}
Event: 26.421 GC heap after
{Heap after GC invocations=119 (full 6):
 def new generation   total 143744K, used 15936K [0x0000001000200000, 0x0000001009df0000, 0x000000129aca0000)
  eden space 127808K,   0% used [0x0000001000200000, 0x0000001000200000, 0x0000001007ed0000)
  from space 15936K, 100% used [0x0000001007ed0000, 0x0000001008e60000, 0x0000001008e60000)
  to   space 15936K,   0% used [0x0000001008e60000, 0x0000001008e60000, 0x0000001009df0000)
 tenured generation   total 319040K, used 315290K [0x000000129aca0000, 0x00000012ae430000, 0x00000017d0200000)
   the space 319040K,  98% used [0x000000129aca0000, 0x00000012ae086818, 0x00000012ae086a00, 0x00000012ae430000)
 Metaspace       used 24101K, capacity 24494K, committed 24576K, reserved 1071104K
  class space    used 3144K, capacity 3285K, committed 3328K, reserved 1048576K
}
Event: 27.300 GC heap before
{Heap before GC invocations=119 (full 6):
 def new generation   total 143744K, used 143744K [0x0000001000200000, 0x0000001009df0000, 0x000000129aca0000)
  eden space 127808K, 100% used [0x0000001000200000, 0x0000001007ed0000, 0x0000001007ed0000)
  from space 15936K, 100% used [0x0000001007ed0000, 0x0000001008e60000, 0x0000001008e60000)
  to   space 15936K,   0% used [0x0000001008e60000, 0x0000001008e60000, 0x0000001009df0000)
 tenured generation   total 319040K, used 315290K [0x000000129aca0000, 0x00000012ae430000, 0x00000017d0200000)
   the space 319040K,  98% used [0x000000129aca0000, 0x00000012ae086818, 0x00000012ae086a00, 0x00000012ae430000)
 Metaspace       used 24242K, capacity 24688K, committed 24832K, reserved 1071104K
  class space    used 3152K, capacity 3296K, committed 3328K, reserved 1048576K
}

